ARM GAS  C:\Users\Ala\AppData\Local\Temp\ccwjqqJi.s 			page 1


   1              		.syntax unified
   2              		.cpu cortex-m0
   3              		.fpu softvfp
   4              		.eabi_attribute 20, 1
   5              		.eabi_attribute 21, 1
   6              		.eabi_attribute 23, 3
   7              		.eabi_attribute 24, 1
   8              		.eabi_attribute 25, 1
   9              		.eabi_attribute 26, 1
  10              		.eabi_attribute 30, 6
  11              		.eabi_attribute 34, 0
  12              		.eabi_attribute 18, 4
  13              		.thumb
  14              		.syntax unified
  15              		.file	"DATALINK_Timer_PM.c"
  16              		.text
  17              	.Ltext0:
  18              		.cfi_sections	.debug_frame
  19              		.bss
  20              		.align	2
  21              	DATALINK_Timer_backup:
  22 0000 000000   		.space	3
  23              		.section	.text.DATALINK_Timer_SaveConfig,"ax",%progbits
  24              		.align	2
  25              		.global	DATALINK_Timer_SaveConfig
  26              		.code	16
  27              		.thumb_func
  28              		.type	DATALINK_Timer_SaveConfig, %function
  29              	DATALINK_Timer_SaveConfig:
  30              	.LFB0:
  31              		.file 1 "Generated_Source\\PSoC4\\DATALINK_Timer_PM.c"
   1:Generated_Source\PSoC4/DATALINK_Timer_PM.c **** /*******************************************************************************
   2:Generated_Source\PSoC4/DATALINK_Timer_PM.c **** * File Name: DATALINK_Timer_PM.c
   3:Generated_Source\PSoC4/DATALINK_Timer_PM.c **** * Version 2.80
   4:Generated_Source\PSoC4/DATALINK_Timer_PM.c **** *
   5:Generated_Source\PSoC4/DATALINK_Timer_PM.c **** *  Description:
   6:Generated_Source\PSoC4/DATALINK_Timer_PM.c **** *     This file provides the power management source code to API for the
   7:Generated_Source\PSoC4/DATALINK_Timer_PM.c **** *     Timer.
   8:Generated_Source\PSoC4/DATALINK_Timer_PM.c **** *
   9:Generated_Source\PSoC4/DATALINK_Timer_PM.c **** *   Note:
  10:Generated_Source\PSoC4/DATALINK_Timer_PM.c **** *     None
  11:Generated_Source\PSoC4/DATALINK_Timer_PM.c **** *
  12:Generated_Source\PSoC4/DATALINK_Timer_PM.c **** *******************************************************************************
  13:Generated_Source\PSoC4/DATALINK_Timer_PM.c **** * Copyright 2008-2017, Cypress Semiconductor Corporation.  All rights reserved.
  14:Generated_Source\PSoC4/DATALINK_Timer_PM.c **** * You may use this file only in accordance with the license, terms, conditions,
  15:Generated_Source\PSoC4/DATALINK_Timer_PM.c **** * disclaimers, and limitations in the end user license agreement accompanying
  16:Generated_Source\PSoC4/DATALINK_Timer_PM.c **** * the software package with which this file was provided.
  17:Generated_Source\PSoC4/DATALINK_Timer_PM.c **** ********************************************************************************/
  18:Generated_Source\PSoC4/DATALINK_Timer_PM.c **** 
  19:Generated_Source\PSoC4/DATALINK_Timer_PM.c **** #include "DATALINK_Timer.h"
  20:Generated_Source\PSoC4/DATALINK_Timer_PM.c **** 
  21:Generated_Source\PSoC4/DATALINK_Timer_PM.c **** static DATALINK_Timer_backupStruct DATALINK_Timer_backup;
  22:Generated_Source\PSoC4/DATALINK_Timer_PM.c **** 
  23:Generated_Source\PSoC4/DATALINK_Timer_PM.c **** 
  24:Generated_Source\PSoC4/DATALINK_Timer_PM.c **** /*******************************************************************************
  25:Generated_Source\PSoC4/DATALINK_Timer_PM.c **** * Function Name: DATALINK_Timer_SaveConfig
  26:Generated_Source\PSoC4/DATALINK_Timer_PM.c **** ********************************************************************************
ARM GAS  C:\Users\Ala\AppData\Local\Temp\ccwjqqJi.s 			page 2


  27:Generated_Source\PSoC4/DATALINK_Timer_PM.c **** *
  28:Generated_Source\PSoC4/DATALINK_Timer_PM.c **** * Summary:
  29:Generated_Source\PSoC4/DATALINK_Timer_PM.c **** *     Save the current user configuration
  30:Generated_Source\PSoC4/DATALINK_Timer_PM.c **** *
  31:Generated_Source\PSoC4/DATALINK_Timer_PM.c **** * Parameters:
  32:Generated_Source\PSoC4/DATALINK_Timer_PM.c **** *  void
  33:Generated_Source\PSoC4/DATALINK_Timer_PM.c **** *
  34:Generated_Source\PSoC4/DATALINK_Timer_PM.c **** * Return:
  35:Generated_Source\PSoC4/DATALINK_Timer_PM.c **** *  void
  36:Generated_Source\PSoC4/DATALINK_Timer_PM.c **** *
  37:Generated_Source\PSoC4/DATALINK_Timer_PM.c **** * Global variables:
  38:Generated_Source\PSoC4/DATALINK_Timer_PM.c **** *  DATALINK_Timer_backup:  Variables of this global structure are modified to
  39:Generated_Source\PSoC4/DATALINK_Timer_PM.c **** *  store the values of non retention configuration registers when Sleep() API is
  40:Generated_Source\PSoC4/DATALINK_Timer_PM.c **** *  called.
  41:Generated_Source\PSoC4/DATALINK_Timer_PM.c **** *
  42:Generated_Source\PSoC4/DATALINK_Timer_PM.c **** *******************************************************************************/
  43:Generated_Source\PSoC4/DATALINK_Timer_PM.c **** void DATALINK_Timer_SaveConfig(void) 
  44:Generated_Source\PSoC4/DATALINK_Timer_PM.c **** {
  32              		.loc 1 44 0
  33              		.cfi_startproc
  34              		@ args = 0, pretend = 0, frame = 0
  35              		@ frame_needed = 1, uses_anonymous_args = 0
  36 0000 80B5     		push	{r7, lr}
  37              		.cfi_def_cfa_offset 8
  38              		.cfi_offset 7, -8
  39              		.cfi_offset 14, -4
  40 0002 00AF     		add	r7, sp, #0
  41              		.cfi_def_cfa_register 7
  45:Generated_Source\PSoC4/DATALINK_Timer_PM.c ****     #if (!DATALINK_Timer_UsingFixedFunction)
  46:Generated_Source\PSoC4/DATALINK_Timer_PM.c ****         DATALINK_Timer_backup.TimerUdb = DATALINK_Timer_ReadCounter();
  42              		.loc 1 46 0
  43 0004 FFF7FEFF 		bl	DATALINK_Timer_ReadCounter
  44 0008 0300     		movs	r3, r0
  45 000a 1A00     		movs	r2, r3
  46 000c 044B     		ldr	r3, .L2
  47 000e 5A70     		strb	r2, [r3, #1]
  47:Generated_Source\PSoC4/DATALINK_Timer_PM.c ****         DATALINK_Timer_backup.InterruptMaskValue = DATALINK_Timer_STATUS_MASK;
  48              		.loc 1 47 0
  49 0010 044B     		ldr	r3, .L2+4
  50 0012 1B78     		ldrb	r3, [r3]
  51 0014 DAB2     		uxtb	r2, r3
  52 0016 024B     		ldr	r3, .L2
  53 0018 9A70     		strb	r2, [r3, #2]
  48:Generated_Source\PSoC4/DATALINK_Timer_PM.c ****         #if (DATALINK_Timer_UsingHWCaptureCounter)
  49:Generated_Source\PSoC4/DATALINK_Timer_PM.c ****             DATALINK_Timer_backup.TimerCaptureCounter = DATALINK_Timer_ReadCaptureCount();
  50:Generated_Source\PSoC4/DATALINK_Timer_PM.c ****         #endif /* Back Up capture counter register  */
  51:Generated_Source\PSoC4/DATALINK_Timer_PM.c **** 
  52:Generated_Source\PSoC4/DATALINK_Timer_PM.c ****         #if(!DATALINK_Timer_UDB_CONTROL_REG_REMOVED)
  53:Generated_Source\PSoC4/DATALINK_Timer_PM.c ****             DATALINK_Timer_backup.TimerControlRegister = DATALINK_Timer_ReadControlRegister();
  54:Generated_Source\PSoC4/DATALINK_Timer_PM.c ****         #endif /* Backup the enable state of the Timer component */
  55:Generated_Source\PSoC4/DATALINK_Timer_PM.c ****     #endif /* Backup non retention registers in UDB implementation. All fixed function registers ar
  56:Generated_Source\PSoC4/DATALINK_Timer_PM.c **** }
  54              		.loc 1 56 0
  55 001a C046     		nop
  56 001c BD46     		mov	sp, r7
  57              		@ sp needed
  58 001e 80BD     		pop	{r7, pc}
ARM GAS  C:\Users\Ala\AppData\Local\Temp\ccwjqqJi.s 			page 3


  59              	.L3:
  60              		.align	2
  61              	.L2:
  62 0020 00000000 		.word	DATALINK_Timer_backup
  63 0024 80000F40 		.word	1074724992
  64              		.cfi_endproc
  65              	.LFE0:
  66              		.size	DATALINK_Timer_SaveConfig, .-DATALINK_Timer_SaveConfig
  67              		.section	.text.DATALINK_Timer_RestoreConfig,"ax",%progbits
  68              		.align	2
  69              		.global	DATALINK_Timer_RestoreConfig
  70              		.code	16
  71              		.thumb_func
  72              		.type	DATALINK_Timer_RestoreConfig, %function
  73              	DATALINK_Timer_RestoreConfig:
  74              	.LFB1:
  57:Generated_Source\PSoC4/DATALINK_Timer_PM.c **** 
  58:Generated_Source\PSoC4/DATALINK_Timer_PM.c **** 
  59:Generated_Source\PSoC4/DATALINK_Timer_PM.c **** /*******************************************************************************
  60:Generated_Source\PSoC4/DATALINK_Timer_PM.c **** * Function Name: DATALINK_Timer_RestoreConfig
  61:Generated_Source\PSoC4/DATALINK_Timer_PM.c **** ********************************************************************************
  62:Generated_Source\PSoC4/DATALINK_Timer_PM.c **** *
  63:Generated_Source\PSoC4/DATALINK_Timer_PM.c **** * Summary:
  64:Generated_Source\PSoC4/DATALINK_Timer_PM.c **** *  Restores the current user configuration.
  65:Generated_Source\PSoC4/DATALINK_Timer_PM.c **** *
  66:Generated_Source\PSoC4/DATALINK_Timer_PM.c **** * Parameters:
  67:Generated_Source\PSoC4/DATALINK_Timer_PM.c **** *  void
  68:Generated_Source\PSoC4/DATALINK_Timer_PM.c **** *
  69:Generated_Source\PSoC4/DATALINK_Timer_PM.c **** * Return:
  70:Generated_Source\PSoC4/DATALINK_Timer_PM.c **** *  void
  71:Generated_Source\PSoC4/DATALINK_Timer_PM.c **** *
  72:Generated_Source\PSoC4/DATALINK_Timer_PM.c **** * Global variables:
  73:Generated_Source\PSoC4/DATALINK_Timer_PM.c **** *  DATALINK_Timer_backup:  Variables of this global structure are used to
  74:Generated_Source\PSoC4/DATALINK_Timer_PM.c **** *  restore the values of non retention registers on wakeup from sleep mode.
  75:Generated_Source\PSoC4/DATALINK_Timer_PM.c **** *
  76:Generated_Source\PSoC4/DATALINK_Timer_PM.c **** *******************************************************************************/
  77:Generated_Source\PSoC4/DATALINK_Timer_PM.c **** void DATALINK_Timer_RestoreConfig(void) 
  78:Generated_Source\PSoC4/DATALINK_Timer_PM.c **** {   
  75              		.loc 1 78 0
  76              		.cfi_startproc
  77              		@ args = 0, pretend = 0, frame = 0
  78              		@ frame_needed = 1, uses_anonymous_args = 0
  79 0000 80B5     		push	{r7, lr}
  80              		.cfi_def_cfa_offset 8
  81              		.cfi_offset 7, -8
  82              		.cfi_offset 14, -4
  83 0002 00AF     		add	r7, sp, #0
  84              		.cfi_def_cfa_register 7
  79:Generated_Source\PSoC4/DATALINK_Timer_PM.c ****     #if (!DATALINK_Timer_UsingFixedFunction)
  80:Generated_Source\PSoC4/DATALINK_Timer_PM.c **** 
  81:Generated_Source\PSoC4/DATALINK_Timer_PM.c ****         DATALINK_Timer_WriteCounter(DATALINK_Timer_backup.TimerUdb);
  85              		.loc 1 81 0
  86 0004 054B     		ldr	r3, .L5
  87 0006 5B78     		ldrb	r3, [r3, #1]
  88 0008 1800     		movs	r0, r3
  89 000a FFF7FEFF 		bl	DATALINK_Timer_WriteCounter
  82:Generated_Source\PSoC4/DATALINK_Timer_PM.c ****         DATALINK_Timer_STATUS_MASK =DATALINK_Timer_backup.InterruptMaskValue;
ARM GAS  C:\Users\Ala\AppData\Local\Temp\ccwjqqJi.s 			page 4


  90              		.loc 1 82 0
  91 000e 044A     		ldr	r2, .L5+4
  92 0010 024B     		ldr	r3, .L5
  93 0012 9B78     		ldrb	r3, [r3, #2]
  94 0014 1370     		strb	r3, [r2]
  83:Generated_Source\PSoC4/DATALINK_Timer_PM.c ****         #if (DATALINK_Timer_UsingHWCaptureCounter)
  84:Generated_Source\PSoC4/DATALINK_Timer_PM.c ****             DATALINK_Timer_SetCaptureCount(DATALINK_Timer_backup.TimerCaptureCounter);
  85:Generated_Source\PSoC4/DATALINK_Timer_PM.c ****         #endif /* Restore Capture counter register*/
  86:Generated_Source\PSoC4/DATALINK_Timer_PM.c **** 
  87:Generated_Source\PSoC4/DATALINK_Timer_PM.c ****         #if(!DATALINK_Timer_UDB_CONTROL_REG_REMOVED)
  88:Generated_Source\PSoC4/DATALINK_Timer_PM.c ****             DATALINK_Timer_WriteControlRegister(DATALINK_Timer_backup.TimerControlRegister);
  89:Generated_Source\PSoC4/DATALINK_Timer_PM.c ****         #endif /* Restore the enable state of the Timer component */
  90:Generated_Source\PSoC4/DATALINK_Timer_PM.c ****     #endif /* Restore non retention registers in the UDB implementation only */
  91:Generated_Source\PSoC4/DATALINK_Timer_PM.c **** }
  95              		.loc 1 91 0
  96 0016 C046     		nop
  97 0018 BD46     		mov	sp, r7
  98              		@ sp needed
  99 001a 80BD     		pop	{r7, pc}
 100              	.L6:
 101              		.align	2
 102              	.L5:
 103 001c 00000000 		.word	DATALINK_Timer_backup
 104 0020 80000F40 		.word	1074724992
 105              		.cfi_endproc
 106              	.LFE1:
 107              		.size	DATALINK_Timer_RestoreConfig, .-DATALINK_Timer_RestoreConfig
 108              		.section	.text.DATALINK_Timer_Sleep,"ax",%progbits
 109              		.align	2
 110              		.global	DATALINK_Timer_Sleep
 111              		.code	16
 112              		.thumb_func
 113              		.type	DATALINK_Timer_Sleep, %function
 114              	DATALINK_Timer_Sleep:
 115              	.LFB2:
  92:Generated_Source\PSoC4/DATALINK_Timer_PM.c **** 
  93:Generated_Source\PSoC4/DATALINK_Timer_PM.c **** 
  94:Generated_Source\PSoC4/DATALINK_Timer_PM.c **** /*******************************************************************************
  95:Generated_Source\PSoC4/DATALINK_Timer_PM.c **** * Function Name: DATALINK_Timer_Sleep
  96:Generated_Source\PSoC4/DATALINK_Timer_PM.c **** ********************************************************************************
  97:Generated_Source\PSoC4/DATALINK_Timer_PM.c **** *
  98:Generated_Source\PSoC4/DATALINK_Timer_PM.c **** * Summary:
  99:Generated_Source\PSoC4/DATALINK_Timer_PM.c **** *     Stop and Save the user configuration
 100:Generated_Source\PSoC4/DATALINK_Timer_PM.c **** *
 101:Generated_Source\PSoC4/DATALINK_Timer_PM.c **** * Parameters:
 102:Generated_Source\PSoC4/DATALINK_Timer_PM.c **** *  void
 103:Generated_Source\PSoC4/DATALINK_Timer_PM.c **** *
 104:Generated_Source\PSoC4/DATALINK_Timer_PM.c **** * Return:
 105:Generated_Source\PSoC4/DATALINK_Timer_PM.c **** *  void
 106:Generated_Source\PSoC4/DATALINK_Timer_PM.c **** *
 107:Generated_Source\PSoC4/DATALINK_Timer_PM.c **** * Global variables:
 108:Generated_Source\PSoC4/DATALINK_Timer_PM.c **** *  DATALINK_Timer_backup.TimerEnableState:  Is modified depending on the
 109:Generated_Source\PSoC4/DATALINK_Timer_PM.c **** *  enable state of the block before entering sleep mode.
 110:Generated_Source\PSoC4/DATALINK_Timer_PM.c **** *
 111:Generated_Source\PSoC4/DATALINK_Timer_PM.c **** *******************************************************************************/
 112:Generated_Source\PSoC4/DATALINK_Timer_PM.c **** void DATALINK_Timer_Sleep(void) 
 113:Generated_Source\PSoC4/DATALINK_Timer_PM.c **** {
ARM GAS  C:\Users\Ala\AppData\Local\Temp\ccwjqqJi.s 			page 5


 116              		.loc 1 113 0
 117              		.cfi_startproc
 118              		@ args = 0, pretend = 0, frame = 0
 119              		@ frame_needed = 1, uses_anonymous_args = 0
 120 0000 80B5     		push	{r7, lr}
 121              		.cfi_def_cfa_offset 8
 122              		.cfi_offset 7, -8
 123              		.cfi_offset 14, -4
 124 0002 00AF     		add	r7, sp, #0
 125              		.cfi_def_cfa_register 7
 114:Generated_Source\PSoC4/DATALINK_Timer_PM.c ****     #if(!DATALINK_Timer_UDB_CONTROL_REG_REMOVED)
 115:Generated_Source\PSoC4/DATALINK_Timer_PM.c ****         /* Save Counter's enable state */
 116:Generated_Source\PSoC4/DATALINK_Timer_PM.c ****         if(DATALINK_Timer_CTRL_ENABLE == (DATALINK_Timer_CONTROL & DATALINK_Timer_CTRL_ENABLE))
 117:Generated_Source\PSoC4/DATALINK_Timer_PM.c ****         {
 118:Generated_Source\PSoC4/DATALINK_Timer_PM.c ****             /* Timer is enabled */
 119:Generated_Source\PSoC4/DATALINK_Timer_PM.c ****             DATALINK_Timer_backup.TimerEnableState = 1u;
 120:Generated_Source\PSoC4/DATALINK_Timer_PM.c ****         }
 121:Generated_Source\PSoC4/DATALINK_Timer_PM.c ****         else
 122:Generated_Source\PSoC4/DATALINK_Timer_PM.c ****         {
 123:Generated_Source\PSoC4/DATALINK_Timer_PM.c ****             /* Timer is disabled */
 124:Generated_Source\PSoC4/DATALINK_Timer_PM.c ****             DATALINK_Timer_backup.TimerEnableState = 0u;
 125:Generated_Source\PSoC4/DATALINK_Timer_PM.c ****         }
 126:Generated_Source\PSoC4/DATALINK_Timer_PM.c ****     #endif /* Back up enable state from the Timer control register */
 127:Generated_Source\PSoC4/DATALINK_Timer_PM.c ****     DATALINK_Timer_Stop();
 126              		.loc 1 127 0
 127 0004 FFF7FEFF 		bl	DATALINK_Timer_Stop
 128:Generated_Source\PSoC4/DATALINK_Timer_PM.c ****     DATALINK_Timer_SaveConfig();
 128              		.loc 1 128 0
 129 0008 FFF7FEFF 		bl	DATALINK_Timer_SaveConfig
 129:Generated_Source\PSoC4/DATALINK_Timer_PM.c **** }
 130              		.loc 1 129 0
 131 000c C046     		nop
 132 000e BD46     		mov	sp, r7
 133              		@ sp needed
 134 0010 80BD     		pop	{r7, pc}
 135              		.cfi_endproc
 136              	.LFE2:
 137              		.size	DATALINK_Timer_Sleep, .-DATALINK_Timer_Sleep
 138 0012 C046     		.section	.text.DATALINK_Timer_Wakeup,"ax",%progbits
 139              		.align	2
 140              		.global	DATALINK_Timer_Wakeup
 141              		.code	16
 142              		.thumb_func
 143              		.type	DATALINK_Timer_Wakeup, %function
 144              	DATALINK_Timer_Wakeup:
 145              	.LFB3:
 130:Generated_Source\PSoC4/DATALINK_Timer_PM.c **** 
 131:Generated_Source\PSoC4/DATALINK_Timer_PM.c **** 
 132:Generated_Source\PSoC4/DATALINK_Timer_PM.c **** /*******************************************************************************
 133:Generated_Source\PSoC4/DATALINK_Timer_PM.c **** * Function Name: DATALINK_Timer_Wakeup
 134:Generated_Source\PSoC4/DATALINK_Timer_PM.c **** ********************************************************************************
 135:Generated_Source\PSoC4/DATALINK_Timer_PM.c **** *
 136:Generated_Source\PSoC4/DATALINK_Timer_PM.c **** * Summary:
 137:Generated_Source\PSoC4/DATALINK_Timer_PM.c **** *  Restores and enables the user configuration
 138:Generated_Source\PSoC4/DATALINK_Timer_PM.c **** *
 139:Generated_Source\PSoC4/DATALINK_Timer_PM.c **** * Parameters:
 140:Generated_Source\PSoC4/DATALINK_Timer_PM.c **** *  void
ARM GAS  C:\Users\Ala\AppData\Local\Temp\ccwjqqJi.s 			page 6


 141:Generated_Source\PSoC4/DATALINK_Timer_PM.c **** *
 142:Generated_Source\PSoC4/DATALINK_Timer_PM.c **** * Return:
 143:Generated_Source\PSoC4/DATALINK_Timer_PM.c **** *  void
 144:Generated_Source\PSoC4/DATALINK_Timer_PM.c **** *
 145:Generated_Source\PSoC4/DATALINK_Timer_PM.c **** * Global variables:
 146:Generated_Source\PSoC4/DATALINK_Timer_PM.c **** *  DATALINK_Timer_backup.enableState:  Is used to restore the enable state of
 147:Generated_Source\PSoC4/DATALINK_Timer_PM.c **** *  block on wakeup from sleep mode.
 148:Generated_Source\PSoC4/DATALINK_Timer_PM.c **** *
 149:Generated_Source\PSoC4/DATALINK_Timer_PM.c **** *******************************************************************************/
 150:Generated_Source\PSoC4/DATALINK_Timer_PM.c **** void DATALINK_Timer_Wakeup(void) 
 151:Generated_Source\PSoC4/DATALINK_Timer_PM.c **** {
 146              		.loc 1 151 0
 147              		.cfi_startproc
 148              		@ args = 0, pretend = 0, frame = 0
 149              		@ frame_needed = 1, uses_anonymous_args = 0
 150 0000 80B5     		push	{r7, lr}
 151              		.cfi_def_cfa_offset 8
 152              		.cfi_offset 7, -8
 153              		.cfi_offset 14, -4
 154 0002 00AF     		add	r7, sp, #0
 155              		.cfi_def_cfa_register 7
 152:Generated_Source\PSoC4/DATALINK_Timer_PM.c ****     DATALINK_Timer_RestoreConfig();
 156              		.loc 1 152 0
 157 0004 FFF7FEFF 		bl	DATALINK_Timer_RestoreConfig
 153:Generated_Source\PSoC4/DATALINK_Timer_PM.c ****     #if(!DATALINK_Timer_UDB_CONTROL_REG_REMOVED)
 154:Generated_Source\PSoC4/DATALINK_Timer_PM.c ****         if(DATALINK_Timer_backup.TimerEnableState == 1u)
 155:Generated_Source\PSoC4/DATALINK_Timer_PM.c ****         {     /* Enable Timer's operation */
 156:Generated_Source\PSoC4/DATALINK_Timer_PM.c ****                 DATALINK_Timer_Enable();
 157:Generated_Source\PSoC4/DATALINK_Timer_PM.c ****         } /* Do nothing if Timer was disabled before */
 158:Generated_Source\PSoC4/DATALINK_Timer_PM.c ****     #endif /* Remove this code section if Control register is removed */
 159:Generated_Source\PSoC4/DATALINK_Timer_PM.c **** }
 158              		.loc 1 159 0
 159 0008 C046     		nop
 160 000a BD46     		mov	sp, r7
 161              		@ sp needed
 162 000c 80BD     		pop	{r7, pc}
 163              		.cfi_endproc
 164              	.LFE3:
 165              		.size	DATALINK_Timer_Wakeup, .-DATALINK_Timer_Wakeup
 166 000e C046     		.text
 167              	.Letext0:
 168              		.file 2 "Generated_Source\\PSoC4\\cytypes.h"
 169              		.file 3 "Generated_Source\\PSoC4\\DATALINK_Timer.h"
 170              		.section	.debug_info,"",%progbits
 171              	.Ldebug_info0:
 172 0000 35010000 		.4byte	0x135
 173 0004 0400     		.2byte	0x4
 174 0006 00000000 		.4byte	.Ldebug_abbrev0
 175 000a 04       		.byte	0x4
 176 000b 01       		.uleb128 0x1
 177 000c A9010000 		.4byte	.LASF24
 178 0010 0C       		.byte	0xc
 179 0011 0E000000 		.4byte	.LASF25
 180 0015 46000000 		.4byte	.LASF26
 181 0019 00000000 		.4byte	.Ldebug_ranges0+0
 182 001d 00000000 		.4byte	0
 183 0021 00000000 		.4byte	.Ldebug_line0
ARM GAS  C:\Users\Ala\AppData\Local\Temp\ccwjqqJi.s 			page 7


 184 0025 02       		.uleb128 0x2
 185 0026 01       		.byte	0x1
 186 0027 06       		.byte	0x6
 187 0028 54010000 		.4byte	.LASF0
 188 002c 02       		.uleb128 0x2
 189 002d 01       		.byte	0x1
 190 002e 08       		.byte	0x8
 191 002f EC000000 		.4byte	.LASF1
 192 0033 02       		.uleb128 0x2
 193 0034 02       		.byte	0x2
 194 0035 05       		.byte	0x5
 195 0036 24010000 		.4byte	.LASF2
 196 003a 02       		.uleb128 0x2
 197 003b 02       		.byte	0x2
 198 003c 07       		.byte	0x7
 199 003d 41010000 		.4byte	.LASF3
 200 0041 02       		.uleb128 0x2
 201 0042 04       		.byte	0x4
 202 0043 05       		.byte	0x5
 203 0044 FF000000 		.4byte	.LASF4
 204 0048 02       		.uleb128 0x2
 205 0049 04       		.byte	0x4
 206 004a 07       		.byte	0x7
 207 004b 96000000 		.4byte	.LASF5
 208 004f 02       		.uleb128 0x2
 209 0050 08       		.byte	0x8
 210 0051 05       		.byte	0x5
 211 0052 00000000 		.4byte	.LASF6
 212 0056 02       		.uleb128 0x2
 213 0057 08       		.byte	0x8
 214 0058 07       		.byte	0x7
 215 0059 A8000000 		.4byte	.LASF7
 216 005d 03       		.uleb128 0x3
 217 005e 04       		.byte	0x4
 218 005f 05       		.byte	0x5
 219 0060 696E7400 		.ascii	"int\000"
 220 0064 02       		.uleb128 0x2
 221 0065 04       		.byte	0x4
 222 0066 07       		.byte	0x7
 223 0067 39000000 		.4byte	.LASF8
 224 006b 04       		.uleb128 0x4
 225 006c 90000000 		.4byte	.LASF12
 226 0070 02       		.byte	0x2
 227 0071 F701     		.2byte	0x1f7
 228 0073 2C000000 		.4byte	0x2c
 229 0077 02       		.uleb128 0x2
 230 0078 04       		.byte	0x4
 231 0079 04       		.byte	0x4
 232 007a D5000000 		.4byte	.LASF9
 233 007e 02       		.uleb128 0x2
 234 007f 08       		.byte	0x8
 235 0080 04       		.byte	0x4
 236 0081 2E010000 		.4byte	.LASF10
 237 0085 02       		.uleb128 0x2
 238 0086 01       		.byte	0x1
 239 0087 08       		.byte	0x8
 240 0088 FA000000 		.4byte	.LASF11
ARM GAS  C:\Users\Ala\AppData\Local\Temp\ccwjqqJi.s 			page 8


 241 008c 04       		.uleb128 0x4
 242 008d 8B000000 		.4byte	.LASF13
 243 0091 02       		.byte	0x2
 244 0092 A102     		.2byte	0x2a1
 245 0094 98000000 		.4byte	0x98
 246 0098 05       		.uleb128 0x5
 247 0099 6B000000 		.4byte	0x6b
 248 009d 02       		.uleb128 0x2
 249 009e 08       		.byte	0x8
 250 009f 04       		.byte	0x4
 251 00a0 35010000 		.4byte	.LASF14
 252 00a4 02       		.uleb128 0x2
 253 00a5 04       		.byte	0x4
 254 00a6 07       		.byte	0x7
 255 00a7 97010000 		.4byte	.LASF15
 256 00ab 06       		.uleb128 0x6
 257 00ac 03       		.byte	0x3
 258 00ad 03       		.byte	0x3
 259 00ae 43       		.byte	0x43
 260 00af D8000000 		.4byte	0xd8
 261 00b3 07       		.uleb128 0x7
 262 00b4 DB000000 		.4byte	.LASF16
 263 00b8 03       		.byte	0x3
 264 00b9 45       		.byte	0x45
 265 00ba 6B000000 		.4byte	0x6b
 266 00be 00       		.byte	0
 267 00bf 07       		.uleb128 0x7
 268 00c0 A0010000 		.4byte	.LASF17
 269 00c4 03       		.byte	0x3
 270 00c5 48       		.byte	0x48
 271 00c6 6B000000 		.4byte	0x6b
 272 00ca 01       		.byte	0x1
 273 00cb 07       		.uleb128 0x7
 274 00cc 37020000 		.4byte	.LASF18
 275 00d0 03       		.byte	0x3
 276 00d1 49       		.byte	0x49
 277 00d2 6B000000 		.4byte	0x6b
 278 00d6 02       		.byte	0x2
 279 00d7 00       		.byte	0
 280 00d8 08       		.uleb128 0x8
 281 00d9 08010000 		.4byte	.LASF19
 282 00dd 03       		.byte	0x3
 283 00de 53       		.byte	0x53
 284 00df AB000000 		.4byte	0xab
 285 00e3 09       		.uleb128 0x9
 286 00e4 7D010000 		.4byte	.LASF20
 287 00e8 01       		.byte	0x1
 288 00e9 2B       		.byte	0x2b
 289 00ea 00000000 		.4byte	.LFB0
 290 00ee 28000000 		.4byte	.LFE0-.LFB0
 291 00f2 01       		.uleb128 0x1
 292 00f3 9C       		.byte	0x9c
 293 00f4 09       		.uleb128 0x9
 294 00f5 60010000 		.4byte	.LASF21
 295 00f9 01       		.byte	0x1
 296 00fa 4D       		.byte	0x4d
 297 00fb 00000000 		.4byte	.LFB1
ARM GAS  C:\Users\Ala\AppData\Local\Temp\ccwjqqJi.s 			page 9


 298 00ff 24000000 		.4byte	.LFE1-.LFB1
 299 0103 01       		.uleb128 0x1
 300 0104 9C       		.byte	0x9c
 301 0105 09       		.uleb128 0x9
 302 0106 76000000 		.4byte	.LASF22
 303 010a 01       		.byte	0x1
 304 010b 70       		.byte	0x70
 305 010c 00000000 		.4byte	.LFB2
 306 0110 12000000 		.4byte	.LFE2-.LFB2
 307 0114 01       		.uleb128 0x1
 308 0115 9C       		.byte	0x9c
 309 0116 09       		.uleb128 0x9
 310 0117 BF000000 		.4byte	.LASF23
 311 011b 01       		.byte	0x1
 312 011c 96       		.byte	0x96
 313 011d 00000000 		.4byte	.LFB3
 314 0121 0E000000 		.4byte	.LFE3-.LFB3
 315 0125 01       		.uleb128 0x1
 316 0126 9C       		.byte	0x9c
 317 0127 0A       		.uleb128 0xa
 318 0128 4A020000 		.4byte	.LASF27
 319 012c 01       		.byte	0x1
 320 012d 15       		.byte	0x15
 321 012e D8000000 		.4byte	0xd8
 322 0132 05       		.uleb128 0x5
 323 0133 03       		.byte	0x3
 324 0134 00000000 		.4byte	DATALINK_Timer_backup
 325 0138 00       		.byte	0
 326              		.section	.debug_abbrev,"",%progbits
 327              	.Ldebug_abbrev0:
 328 0000 01       		.uleb128 0x1
 329 0001 11       		.uleb128 0x11
 330 0002 01       		.byte	0x1
 331 0003 25       		.uleb128 0x25
 332 0004 0E       		.uleb128 0xe
 333 0005 13       		.uleb128 0x13
 334 0006 0B       		.uleb128 0xb
 335 0007 03       		.uleb128 0x3
 336 0008 0E       		.uleb128 0xe
 337 0009 1B       		.uleb128 0x1b
 338 000a 0E       		.uleb128 0xe
 339 000b 55       		.uleb128 0x55
 340 000c 17       		.uleb128 0x17
 341 000d 11       		.uleb128 0x11
 342 000e 01       		.uleb128 0x1
 343 000f 10       		.uleb128 0x10
 344 0010 17       		.uleb128 0x17
 345 0011 00       		.byte	0
 346 0012 00       		.byte	0
 347 0013 02       		.uleb128 0x2
 348 0014 24       		.uleb128 0x24
 349 0015 00       		.byte	0
 350 0016 0B       		.uleb128 0xb
 351 0017 0B       		.uleb128 0xb
 352 0018 3E       		.uleb128 0x3e
 353 0019 0B       		.uleb128 0xb
 354 001a 03       		.uleb128 0x3
ARM GAS  C:\Users\Ala\AppData\Local\Temp\ccwjqqJi.s 			page 10


 355 001b 0E       		.uleb128 0xe
 356 001c 00       		.byte	0
 357 001d 00       		.byte	0
 358 001e 03       		.uleb128 0x3
 359 001f 24       		.uleb128 0x24
 360 0020 00       		.byte	0
 361 0021 0B       		.uleb128 0xb
 362 0022 0B       		.uleb128 0xb
 363 0023 3E       		.uleb128 0x3e
 364 0024 0B       		.uleb128 0xb
 365 0025 03       		.uleb128 0x3
 366 0026 08       		.uleb128 0x8
 367 0027 00       		.byte	0
 368 0028 00       		.byte	0
 369 0029 04       		.uleb128 0x4
 370 002a 16       		.uleb128 0x16
 371 002b 00       		.byte	0
 372 002c 03       		.uleb128 0x3
 373 002d 0E       		.uleb128 0xe
 374 002e 3A       		.uleb128 0x3a
 375 002f 0B       		.uleb128 0xb
 376 0030 3B       		.uleb128 0x3b
 377 0031 05       		.uleb128 0x5
 378 0032 49       		.uleb128 0x49
 379 0033 13       		.uleb128 0x13
 380 0034 00       		.byte	0
 381 0035 00       		.byte	0
 382 0036 05       		.uleb128 0x5
 383 0037 35       		.uleb128 0x35
 384 0038 00       		.byte	0
 385 0039 49       		.uleb128 0x49
 386 003a 13       		.uleb128 0x13
 387 003b 00       		.byte	0
 388 003c 00       		.byte	0
 389 003d 06       		.uleb128 0x6
 390 003e 13       		.uleb128 0x13
 391 003f 01       		.byte	0x1
 392 0040 0B       		.uleb128 0xb
 393 0041 0B       		.uleb128 0xb
 394 0042 3A       		.uleb128 0x3a
 395 0043 0B       		.uleb128 0xb
 396 0044 3B       		.uleb128 0x3b
 397 0045 0B       		.uleb128 0xb
 398 0046 01       		.uleb128 0x1
 399 0047 13       		.uleb128 0x13
 400 0048 00       		.byte	0
 401 0049 00       		.byte	0
 402 004a 07       		.uleb128 0x7
 403 004b 0D       		.uleb128 0xd
 404 004c 00       		.byte	0
 405 004d 03       		.uleb128 0x3
 406 004e 0E       		.uleb128 0xe
 407 004f 3A       		.uleb128 0x3a
 408 0050 0B       		.uleb128 0xb
 409 0051 3B       		.uleb128 0x3b
 410 0052 0B       		.uleb128 0xb
 411 0053 49       		.uleb128 0x49
ARM GAS  C:\Users\Ala\AppData\Local\Temp\ccwjqqJi.s 			page 11


 412 0054 13       		.uleb128 0x13
 413 0055 38       		.uleb128 0x38
 414 0056 0B       		.uleb128 0xb
 415 0057 00       		.byte	0
 416 0058 00       		.byte	0
 417 0059 08       		.uleb128 0x8
 418 005a 16       		.uleb128 0x16
 419 005b 00       		.byte	0
 420 005c 03       		.uleb128 0x3
 421 005d 0E       		.uleb128 0xe
 422 005e 3A       		.uleb128 0x3a
 423 005f 0B       		.uleb128 0xb
 424 0060 3B       		.uleb128 0x3b
 425 0061 0B       		.uleb128 0xb
 426 0062 49       		.uleb128 0x49
 427 0063 13       		.uleb128 0x13
 428 0064 00       		.byte	0
 429 0065 00       		.byte	0
 430 0066 09       		.uleb128 0x9
 431 0067 2E       		.uleb128 0x2e
 432 0068 00       		.byte	0
 433 0069 3F       		.uleb128 0x3f
 434 006a 19       		.uleb128 0x19
 435 006b 03       		.uleb128 0x3
 436 006c 0E       		.uleb128 0xe
 437 006d 3A       		.uleb128 0x3a
 438 006e 0B       		.uleb128 0xb
 439 006f 3B       		.uleb128 0x3b
 440 0070 0B       		.uleb128 0xb
 441 0071 27       		.uleb128 0x27
 442 0072 19       		.uleb128 0x19
 443 0073 11       		.uleb128 0x11
 444 0074 01       		.uleb128 0x1
 445 0075 12       		.uleb128 0x12
 446 0076 06       		.uleb128 0x6
 447 0077 40       		.uleb128 0x40
 448 0078 18       		.uleb128 0x18
 449 0079 9642     		.uleb128 0x2116
 450 007b 19       		.uleb128 0x19
 451 007c 00       		.byte	0
 452 007d 00       		.byte	0
 453 007e 0A       		.uleb128 0xa
 454 007f 34       		.uleb128 0x34
 455 0080 00       		.byte	0
 456 0081 03       		.uleb128 0x3
 457 0082 0E       		.uleb128 0xe
 458 0083 3A       		.uleb128 0x3a
 459 0084 0B       		.uleb128 0xb
 460 0085 3B       		.uleb128 0x3b
 461 0086 0B       		.uleb128 0xb
 462 0087 49       		.uleb128 0x49
 463 0088 13       		.uleb128 0x13
 464 0089 02       		.uleb128 0x2
 465 008a 18       		.uleb128 0x18
 466 008b 00       		.byte	0
 467 008c 00       		.byte	0
 468 008d 00       		.byte	0
ARM GAS  C:\Users\Ala\AppData\Local\Temp\ccwjqqJi.s 			page 12


 469              		.section	.debug_aranges,"",%progbits
 470 0000 34000000 		.4byte	0x34
 471 0004 0200     		.2byte	0x2
 472 0006 00000000 		.4byte	.Ldebug_info0
 473 000a 04       		.byte	0x4
 474 000b 00       		.byte	0
 475 000c 0000     		.2byte	0
 476 000e 0000     		.2byte	0
 477 0010 00000000 		.4byte	.LFB0
 478 0014 28000000 		.4byte	.LFE0-.LFB0
 479 0018 00000000 		.4byte	.LFB1
 480 001c 24000000 		.4byte	.LFE1-.LFB1
 481 0020 00000000 		.4byte	.LFB2
 482 0024 12000000 		.4byte	.LFE2-.LFB2
 483 0028 00000000 		.4byte	.LFB3
 484 002c 0E000000 		.4byte	.LFE3-.LFB3
 485 0030 00000000 		.4byte	0
 486 0034 00000000 		.4byte	0
 487              		.section	.debug_ranges,"",%progbits
 488              	.Ldebug_ranges0:
 489 0000 00000000 		.4byte	.LFB0
 490 0004 28000000 		.4byte	.LFE0
 491 0008 00000000 		.4byte	.LFB1
 492 000c 24000000 		.4byte	.LFE1
 493 0010 00000000 		.4byte	.LFB2
 494 0014 12000000 		.4byte	.LFE2
 495 0018 00000000 		.4byte	.LFB3
 496 001c 0E000000 		.4byte	.LFE3
 497 0020 00000000 		.4byte	0
 498 0024 00000000 		.4byte	0
 499              		.section	.debug_line,"",%progbits
 500              	.Ldebug_line0:
 501 0000 B8000000 		.section	.debug_str,"MS",%progbits,1
 501      02006200 
 501      00000201 
 501      FB0E0D00 
 501      01010101 
 502              	.LASF6:
 503 0000 6C6F6E67 		.ascii	"long long int\000"
 503      206C6F6E 
 503      6720696E 
 503      7400
 504              	.LASF25:
 505 000e 47656E65 		.ascii	"Generated_Source\\PSoC4\\DATALINK_Timer_PM.c\000"
 505      72617465 
 505      645F536F 
 505      75726365 
 505      5C50536F 
 506              	.LASF8:
 507 0039 756E7369 		.ascii	"unsigned int\000"
 507      676E6564 
 507      20696E74 
 507      00
 508              	.LASF26:
 509 0046 433A5C55 		.ascii	"C:\\Users\\Ala\\Desktop\\Cypress\\BeoM_display.cyds"
 509      73657273 
 509      5C416C61 
ARM GAS  C:\Users\Ala\AppData\Local\Temp\ccwjqqJi.s 			page 13


 509      5C446573 
 509      6B746F70 
 510 0074 6E00     		.ascii	"n\000"
 511              	.LASF22:
 512 0076 44415441 		.ascii	"DATALINK_Timer_Sleep\000"
 512      4C494E4B 
 512      5F54696D 
 512      65725F53 
 512      6C656570 
 513              	.LASF13:
 514 008b 72656738 		.ascii	"reg8\000"
 514      00
 515              	.LASF12:
 516 0090 75696E74 		.ascii	"uint8\000"
 516      3800
 517              	.LASF5:
 518 0096 6C6F6E67 		.ascii	"long unsigned int\000"
 518      20756E73 
 518      69676E65 
 518      6420696E 
 518      7400
 519              	.LASF7:
 520 00a8 6C6F6E67 		.ascii	"long long unsigned int\000"
 520      206C6F6E 
 520      6720756E 
 520      7369676E 
 520      65642069 
 521              	.LASF23:
 522 00bf 44415441 		.ascii	"DATALINK_Timer_Wakeup\000"
 522      4C494E4B 
 522      5F54696D 
 522      65725F57 
 522      616B6575 
 523              	.LASF9:
 524 00d5 666C6F61 		.ascii	"float\000"
 524      7400
 525              	.LASF16:
 526 00db 54696D65 		.ascii	"TimerEnableState\000"
 526      72456E61 
 526      626C6553 
 526      74617465 
 526      00
 527              	.LASF1:
 528 00ec 756E7369 		.ascii	"unsigned char\000"
 528      676E6564 
 528      20636861 
 528      7200
 529              	.LASF11:
 530 00fa 63686172 		.ascii	"char\000"
 530      00
 531              	.LASF4:
 532 00ff 6C6F6E67 		.ascii	"long int\000"
 532      20696E74 
 532      00
 533              	.LASF19:
 534 0108 44415441 		.ascii	"DATALINK_Timer_backupStruct\000"
 534      4C494E4B 
ARM GAS  C:\Users\Ala\AppData\Local\Temp\ccwjqqJi.s 			page 14


 534      5F54696D 
 534      65725F62 
 534      61636B75 
 535              	.LASF2:
 536 0124 73686F72 		.ascii	"short int\000"
 536      7420696E 
 536      7400
 537              	.LASF10:
 538 012e 646F7562 		.ascii	"double\000"
 538      6C6500
 539              	.LASF14:
 540 0135 6C6F6E67 		.ascii	"long double\000"
 540      20646F75 
 540      626C6500 
 541              	.LASF3:
 542 0141 73686F72 		.ascii	"short unsigned int\000"
 542      7420756E 
 542      7369676E 
 542      65642069 
 542      6E7400
 543              	.LASF0:
 544 0154 7369676E 		.ascii	"signed char\000"
 544      65642063 
 544      68617200 
 545              	.LASF21:
 546 0160 44415441 		.ascii	"DATALINK_Timer_RestoreConfig\000"
 546      4C494E4B 
 546      5F54696D 
 546      65725F52 
 546      6573746F 
 547              	.LASF20:
 548 017d 44415441 		.ascii	"DATALINK_Timer_SaveConfig\000"
 548      4C494E4B 
 548      5F54696D 
 548      65725F53 
 548      61766543 
 549              	.LASF15:
 550 0197 73697A65 		.ascii	"sizetype\000"
 550      74797065 
 550      00
 551              	.LASF17:
 552 01a0 54696D65 		.ascii	"TimerUdb\000"
 552      72556462 
 552      00
 553              	.LASF24:
 554 01a9 474E5520 		.ascii	"GNU C11 5.4.1 20160609 (release) [ARM/embedded-5-br"
 554      43313120 
 554      352E342E 
 554      31203230 
 554      31363036 
 555 01dc 616E6368 		.ascii	"anch revision 237715] -mcpu=cortex-m0 -mthumb -g -O"
 555      20726576 
 555      6973696F 
 555      6E203233 
 555      37373135 
 556 020f 30202D66 		.ascii	"0 -ffunction-sections -ffat-lto-objects\000"
 556      66756E63 
ARM GAS  C:\Users\Ala\AppData\Local\Temp\ccwjqqJi.s 			page 15


 556      74696F6E 
 556      2D736563 
 556      74696F6E 
 557              	.LASF18:
 558 0237 496E7465 		.ascii	"InterruptMaskValue\000"
 558      72727570 
 558      744D6173 
 558      6B56616C 
 558      756500
 559              	.LASF27:
 560 024a 44415441 		.ascii	"DATALINK_Timer_backup\000"
 560      4C494E4B 
 560      5F54696D 
 560      65725F62 
 560      61636B75 
 561              		.ident	"GCC: (GNU Tools for ARM Embedded Processors) 5.4.1 20160609 (release) [ARM/embedded-5-bran
