ARM GAS  C:\Users\Ala\AppData\Local\Temp\ccGSixv4.s 			page 1


   1              		.syntax unified
   2              		.cpu cortex-m0
   3              		.fpu softvfp
   4              		.eabi_attribute 20, 1
   5              		.eabi_attribute 21, 1
   6              		.eabi_attribute 23, 3
   7              		.eabi_attribute 24, 1
   8              		.eabi_attribute 25, 1
   9              		.eabi_attribute 26, 1
  10              		.eabi_attribute 30, 6
  11              		.eabi_attribute 34, 0
  12              		.eabi_attribute 18, 4
  13              		.thumb
  14              		.syntax unified
  15              		.file	"modes.c"
  16              		.text
  17              	.Ltext0:
  18              		.cfi_sections	.debug_frame
  19              		.comm	flag,1,1
  20              	.Letext0:
  21              		.file 1 "Generated_Source\\PSoC4/cytypes.h"
  22              		.file 2 "./inputs.h"
  23              		.section	.debug_info,"",%progbits
  24              	.Ldebug_info0:
  25 0000 A0000000 		.4byte	0xa0
  26 0004 0400     		.2byte	0x4
  27 0006 00000000 		.4byte	.Ldebug_abbrev0
  28 000a 04       		.byte	0x4
  29 000b 01       		.uleb128 0x1
  30 000c E0000000 		.4byte	.LASF14
  31 0010 0C       		.byte	0xc
  32 0011 C2000000 		.4byte	.LASF15
  33 0015 1B000000 		.4byte	.LASF16
  34 0019 00000000 		.4byte	.Ldebug_line0
  35 001d 02       		.uleb128 0x2
  36 001e 01       		.byte	0x1
  37 001f 06       		.byte	0x6
  38 0020 B6000000 		.4byte	.LASF0
  39 0024 02       		.uleb128 0x2
  40 0025 01       		.byte	0x1
  41 0026 08       		.byte	0x8
  42 0027 80000000 		.4byte	.LASF1
  43 002b 02       		.uleb128 0x2
  44 002c 02       		.byte	0x2
  45 002d 05       		.byte	0x5
  46 002e D6000000 		.4byte	.LASF2
  47 0032 02       		.uleb128 0x2
  48 0033 02       		.byte	0x2
  49 0034 07       		.byte	0x7
  50 0035 A3000000 		.4byte	.LASF3
  51 0039 02       		.uleb128 0x2
  52 003a 04       		.byte	0x4
  53 003b 05       		.byte	0x5
  54 003c 93000000 		.4byte	.LASF4
  55 0040 02       		.uleb128 0x2
  56 0041 04       		.byte	0x4
  57 0042 07       		.byte	0x7
ARM GAS  C:\Users\Ala\AppData\Local\Temp\ccGSixv4.s 			page 2


  58 0043 51000000 		.4byte	.LASF5
  59 0047 02       		.uleb128 0x2
  60 0048 08       		.byte	0x8
  61 0049 05       		.byte	0x5
  62 004a 00000000 		.4byte	.LASF6
  63 004e 02       		.uleb128 0x2
  64 004f 08       		.byte	0x8
  65 0050 07       		.byte	0x7
  66 0051 63000000 		.4byte	.LASF7
  67 0055 03       		.uleb128 0x3
  68 0056 04       		.byte	0x4
  69 0057 05       		.byte	0x5
  70 0058 696E7400 		.ascii	"int\000"
  71 005c 02       		.uleb128 0x2
  72 005d 04       		.byte	0x4
  73 005e 07       		.byte	0x7
  74 005f 0E000000 		.4byte	.LASF8
  75 0063 04       		.uleb128 0x4
  76 0064 4B000000 		.4byte	.LASF17
  77 0068 01       		.byte	0x1
  78 0069 F701     		.2byte	0x1f7
  79 006b 24000000 		.4byte	0x24
  80 006f 02       		.uleb128 0x2
  81 0070 04       		.byte	0x4
  82 0071 04       		.byte	0x4
  83 0072 7A000000 		.4byte	.LASF9
  84 0076 02       		.uleb128 0x2
  85 0077 08       		.byte	0x8
  86 0078 04       		.byte	0x4
  87 0079 9C000000 		.4byte	.LASF10
  88 007d 02       		.uleb128 0x2
  89 007e 01       		.byte	0x1
  90 007f 08       		.byte	0x8
  91 0080 8E000000 		.4byte	.LASF11
  92 0084 02       		.uleb128 0x2
  93 0085 08       		.byte	0x8
  94 0086 04       		.byte	0x4
  95 0087 CA000000 		.4byte	.LASF12
  96 008b 02       		.uleb128 0x2
  97 008c 04       		.byte	0x4
  98 008d 07       		.byte	0x7
  99 008e 73010000 		.4byte	.LASF13
 100 0092 05       		.uleb128 0x5
 101 0093 6E010000 		.4byte	.LASF18
 102 0097 02       		.byte	0x2
 103 0098 16       		.byte	0x16
 104 0099 63000000 		.4byte	0x63
 105 009d 05       		.uleb128 0x5
 106 009e 03       		.byte	0x3
 107 009f 00000000 		.4byte	flag
 108 00a3 00       		.byte	0
 109              		.section	.debug_abbrev,"",%progbits
 110              	.Ldebug_abbrev0:
 111 0000 01       		.uleb128 0x1
 112 0001 11       		.uleb128 0x11
 113 0002 01       		.byte	0x1
 114 0003 25       		.uleb128 0x25
ARM GAS  C:\Users\Ala\AppData\Local\Temp\ccGSixv4.s 			page 3


 115 0004 0E       		.uleb128 0xe
 116 0005 13       		.uleb128 0x13
 117 0006 0B       		.uleb128 0xb
 118 0007 03       		.uleb128 0x3
 119 0008 0E       		.uleb128 0xe
 120 0009 1B       		.uleb128 0x1b
 121 000a 0E       		.uleb128 0xe
 122 000b 10       		.uleb128 0x10
 123 000c 17       		.uleb128 0x17
 124 000d 00       		.byte	0
 125 000e 00       		.byte	0
 126 000f 02       		.uleb128 0x2
 127 0010 24       		.uleb128 0x24
 128 0011 00       		.byte	0
 129 0012 0B       		.uleb128 0xb
 130 0013 0B       		.uleb128 0xb
 131 0014 3E       		.uleb128 0x3e
 132 0015 0B       		.uleb128 0xb
 133 0016 03       		.uleb128 0x3
 134 0017 0E       		.uleb128 0xe
 135 0018 00       		.byte	0
 136 0019 00       		.byte	0
 137 001a 03       		.uleb128 0x3
 138 001b 24       		.uleb128 0x24
 139 001c 00       		.byte	0
 140 001d 0B       		.uleb128 0xb
 141 001e 0B       		.uleb128 0xb
 142 001f 3E       		.uleb128 0x3e
 143 0020 0B       		.uleb128 0xb
 144 0021 03       		.uleb128 0x3
 145 0022 08       		.uleb128 0x8
 146 0023 00       		.byte	0
 147 0024 00       		.byte	0
 148 0025 04       		.uleb128 0x4
 149 0026 16       		.uleb128 0x16
 150 0027 00       		.byte	0
 151 0028 03       		.uleb128 0x3
 152 0029 0E       		.uleb128 0xe
 153 002a 3A       		.uleb128 0x3a
 154 002b 0B       		.uleb128 0xb
 155 002c 3B       		.uleb128 0x3b
 156 002d 05       		.uleb128 0x5
 157 002e 49       		.uleb128 0x49
 158 002f 13       		.uleb128 0x13
 159 0030 00       		.byte	0
 160 0031 00       		.byte	0
 161 0032 05       		.uleb128 0x5
 162 0033 34       		.uleb128 0x34
 163 0034 00       		.byte	0
 164 0035 03       		.uleb128 0x3
 165 0036 0E       		.uleb128 0xe
 166 0037 3A       		.uleb128 0x3a
 167 0038 0B       		.uleb128 0xb
 168 0039 3B       		.uleb128 0x3b
 169 003a 0B       		.uleb128 0xb
 170 003b 49       		.uleb128 0x49
 171 003c 13       		.uleb128 0x13
ARM GAS  C:\Users\Ala\AppData\Local\Temp\ccGSixv4.s 			page 4


 172 003d 3F       		.uleb128 0x3f
 173 003e 19       		.uleb128 0x19
 174 003f 02       		.uleb128 0x2
 175 0040 18       		.uleb128 0x18
 176 0041 00       		.byte	0
 177 0042 00       		.byte	0
 178 0043 00       		.byte	0
 179              		.section	.debug_aranges,"",%progbits
 180 0000 14000000 		.4byte	0x14
 181 0004 0200     		.2byte	0x2
 182 0006 00000000 		.4byte	.Ldebug_info0
 183 000a 04       		.byte	0x4
 184 000b 00       		.byte	0
 185 000c 0000     		.2byte	0
 186 000e 0000     		.2byte	0
 187 0010 00000000 		.4byte	0
 188 0014 00000000 		.4byte	0
 189              		.section	.debug_line,"",%progbits
 190              	.Ldebug_line0:
 191 0000 4B000000 		.section	.debug_str,"MS",%progbits,1
 191      02004500 
 191      00000201 
 191      FB0E0D00 
 191      01010101 
 192              	.LASF6:
 193 0000 6C6F6E67 		.ascii	"long long int\000"
 193      206C6F6E 
 193      6720696E 
 193      7400
 194              	.LASF8:
 195 000e 756E7369 		.ascii	"unsigned int\000"
 195      676E6564 
 195      20696E74 
 195      00
 196              	.LASF16:
 197 001b 433A5C55 		.ascii	"C:\\Users\\Ala\\Desktop\\Cypress\\BeoM_display.cyds"
 197      73657273 
 197      5C416C61 
 197      5C446573 
 197      6B746F70 
 198 0049 6E00     		.ascii	"n\000"
 199              	.LASF17:
 200 004b 75696E74 		.ascii	"uint8\000"
 200      3800
 201              	.LASF5:
 202 0051 6C6F6E67 		.ascii	"long unsigned int\000"
 202      20756E73 
 202      69676E65 
 202      6420696E 
 202      7400
 203              	.LASF7:
 204 0063 6C6F6E67 		.ascii	"long long unsigned int\000"
 204      206C6F6E 
 204      6720756E 
 204      7369676E 
 204      65642069 
 205              	.LASF9:
ARM GAS  C:\Users\Ala\AppData\Local\Temp\ccGSixv4.s 			page 5


 206 007a 666C6F61 		.ascii	"float\000"
 206      7400
 207              	.LASF1:
 208 0080 756E7369 		.ascii	"unsigned char\000"
 208      676E6564 
 208      20636861 
 208      7200
 209              	.LASF11:
 210 008e 63686172 		.ascii	"char\000"
 210      00
 211              	.LASF4:
 212 0093 6C6F6E67 		.ascii	"long int\000"
 212      20696E74 
 212      00
 213              	.LASF10:
 214 009c 646F7562 		.ascii	"double\000"
 214      6C6500
 215              	.LASF3:
 216 00a3 73686F72 		.ascii	"short unsigned int\000"
 216      7420756E 
 216      7369676E 
 216      65642069 
 216      6E7400
 217              	.LASF0:
 218 00b6 7369676E 		.ascii	"signed char\000"
 218      65642063 
 218      68617200 
 219              	.LASF15:
 220 00c2 6D6F6465 		.ascii	"modes.c\000"
 220      732E6300 
 221              	.LASF12:
 222 00ca 6C6F6E67 		.ascii	"long double\000"
 222      20646F75 
 222      626C6500 
 223              	.LASF2:
 224 00d6 73686F72 		.ascii	"short int\000"
 224      7420696E 
 224      7400
 225              	.LASF14:
 226 00e0 474E5520 		.ascii	"GNU C11 5.4.1 20160609 (release) [ARM/embedded-5-br"
 226      43313120 
 226      352E342E 
 226      31203230 
 226      31363036 
 227 0113 616E6368 		.ascii	"anch revision 237715] -mcpu=cortex-m0 -mthumb -g -O"
 227      20726576 
 227      6973696F 
 227      6E203233 
 227      37373135 
 228 0146 30202D66 		.ascii	"0 -ffunction-sections -ffat-lto-objects\000"
 228      66756E63 
 228      74696F6E 
 228      2D736563 
 228      74696F6E 
 229              	.LASF18:
 230 016e 666C6167 		.ascii	"flag\000"
 230      00
ARM GAS  C:\Users\Ala\AppData\Local\Temp\ccGSixv4.s 			page 6


 231              	.LASF13:
 232 0173 73697A65 		.ascii	"sizetype\000"
 232      74797065 
 232      00
 233              		.ident	"GCC: (GNU Tools for ARM Embedded Processors) 5.4.1 20160609 (release) [ARM/embedded-5-bran
